
ROM used:   7991/8192 (98%)
            8094/8192 (99%) including unused fragments

            1.7 Average locations per line
            8.5 Average locations per statement

RAM used:   83/368 (23%) at main() level
            199/368 (54%) worst case

Stack used: 7 worst case (6 in main + 1 for interrupts)
Stack size: 8

Lines Stmts  %   Files
----- ----- ---  -----
  232    77   8  laserProx-work.1.0.c
   27     0   0  VL53L0X\pic16f886.h
  756     0   0  F:\Program Files (x86)\PICC\Devices\16F886.h
  178    77   8  VL53L0X\VL53L0X.h
 2227   257  27  F:\Program Files (x86)\PICC\Drivers\math.h
 1160   526  56  VL53L0X\VL53L0X.c
----- -----
 4580   937 Total

Page ROM  %  RAM    Vol Diff  Functions:
---- --- --- ---    --- ----  ----------
0     20   0    1   1121 10.1  @delay_ms1
0     18   0    1     17  1.3  @I2C_WRITEU_1
0     16   0    1   1121 10.1  @I2C_READU_1
 Inline         2     25  1.6  setTimeout
0     65   1   10     82  1.4  @FLT
0     33   0    4    183  1.7  @SFTOI
0     31   0    2    345  6.5  @ITOF
0    119   1   13    345  6.5  @MULFF
2    326   4   16    345  6.5  @ADDFF
1    217   3   14    102  2.8  @DIVFF
3    517   6   46   1146  9.9  cos
 Inline         8     44  1.9  sin
1    150   2   12    176  4.3  tan
0     17   0    0     29  1.2  timer1_isr
 Inline         0     82  1.4  pic_setup
2   1433  18    0    183  1.7  setup
0      6   0    0    345  6.5  @const905
0     15   0    1   1503  7.7  @SPRINTF
0     88   1    4     55  1.1  @PSTRINGC7_9600_62_63
2     91   1    9    345  6.5  @PRINTF_LU_9600_62_63
0      6   0    0    345  6.5  @const914
1     55   1    4    235  4.1  displayLongText
0     19   0    0     55  1.1  clearDisplay
1     36   0    1    106  1.3  setDisplayPos
3    791  10   30   1510  6.7  MAIN
0      6   0    0   1510  6.7  @const929
0     16   0    0     64  2.4  @const931
0     27   0    0   6222 12.6  @const933
2     89   1    5    447  4.7  @PSTRINGCN7_9600_62_63
2     33   0    5    113  2.5  @FTOSD
0     81   1   13    181  3.1  @DIV3232
3    239   3   13    287  3.3  @PRINTF_L32D_9600_62_63FPFPF
0      3   0    0    233  3.8  @const947
3    100   1    4    339  4.1  @PSTRINGC7_906
3    303   4   13    308  5.5  @PRINTF_L32D_906FPFPF
 Inline        15   6222 12.6  init
1    365   5    1    447  4.7  init2
0     28   0    2    113  2.5  writeReg
0     40   1    5    181  3.1  writeReg16Bit
0     38   0    3    176  2.8  readReg
0     50   1    5    233  3.8  readReg16Bit
 Inline         5    190  5.0  writeMulti
 Inline         6    308  5.5  readMulti
0     84   1    6    147  4.5  setSignalRateLimit
1    332   4   39   1437  9.3  setMeasurementTimingBudget
 Inline        27    983  7.5  getMeasurementTimingBudget
1    595   7   35   3331 10.6  setVcselPulsePeriod
0     38   0    2    216  4.0  getVcselPulsePeriod
0     44   1   13    510  4.3  @MUL3232
 Inline         4    330  6.7  readRangeContinuousMillimeters
1    185   2    2    535  5.7  readRangeSingleMillimeters
 Inline         8   1269  8.4  getSpadInfo
0    158   2    6    359  3.8  getSequenceStepEnables
0    399   5   10    671  4.8  getSequenceStepTimeouts
0     28   0    6    104  4.0  decodeTimeout
0     76   1   12    309  7.2  encodeTimeout
0    164   2   11    190  4.3  timeoutMclksToMicroseconds
0    230   3   13    193  4.5  timeoutMicrosecondsToMclks
1     90   1    3    345  6.5  performSingleRefCalibration
 Inline         0    345  6.5  @cinit1

Program metrics:
    Functions               60
    Statements              937
    Comments                864
    Volume (V)              68314
    Difficulty (D)          309.1
    Effort to implement (E) 21116702
    Time to implement (T)   325 hours, 53 minutes
    Est Delivered Bugs (B)  25
    Cyclomatic Complexity   87
    Maintainability (MI)    70

 Segment     Used  Free
-----------  ----  ----
00000-00003     4  0  
00004-00050    77  0  
00051-007FF  1963  4  
00800-00FFF  2025  23  
01000-017FF  1972  76  
01800-01FFF  1950  98  



