
ROM used:   3415/8192 (42%)
            3454/8192 (42%) including unused fragments

            1.1 Average locations per line
            10.4 Average locations per statement

RAM used:   56/368 (15%) at main() level
            136/368 (37%) worst case

Stack used: 2 worst case (2 in main + 0 for interrupts)
Stack size: 8

Lines Stmts  %   Files
----- ----- ---  -----
  193    72  22  mesure-degree-w-potentiometer.c
  756     0   0  F:\Program Files (x86)\PICC\Devices\16F886.h
 2227   257  78  F:\Program Files (x86)\PICC\Drivers\math.h
----- -----
 3176   329 Total

Page ROM  %  RAM    Vol Diff  Functions:
---- --- --- ---    --- ----  ----------
0     65   2   10             @FLT
 Inline         4             @SFTOI
0     31   1    2             @ITOF
0    119   3   13             @MULFF
0    326  10   16             @ADDFF
0    202   6   14             @DIVFF
0    550  16   46   1146  9.9  cos
 Inline         8     44  1.9  sin
0    128   4   12    176  4.3  tan
0     20   1    1             @delay_ms1
0     16   0    1             @I2C_WRITEU_1
0     41   1    4    235  4.1  displayLongText
0     17   0    0     55  1.1  clearDisplay
0     22   1    1    106  1.3  setDisplayPos
0    193   6    8    341  4.9  distanceFromUltrasonic
1    718  21   30   1503  7.7  MAIN
0      6   0    0             @const759
0     13   0    1             @SPRINTF
0     90   3    4             @PSTRINGC7_9600_62_63
0     16   0    0             @const765
0     27   1    0             @const767
0     89   3    5             @PSTRINGCN7_9600_62_63
1     91   3    9             @PRINTF_LU_9600_62_63
0     31   1    5             @FTOSD
1     79   2   13             @DIV3232
1    211   6   13             @PRINTF_L32D_9600_62_63FPFPF
0      3   0    0             @const783
1     92   3    4             @PSTRINGC7_760
1    215   6   13             @PRINTF_L32D_760FPFPF
 Inline         0             @cinit1

Program metrics:
    Functions               8
    Statements              329
    Comments                417
    Volume (V)              5089
    Difficulty (D)          33.4
    Effort to implement (E) 169980
    Time to implement (T)   2 hours, 37 minutes
    Est Delivered Bugs (B)  1
    Cyclomatic Complexity   10
    Maintainability (MI)    28

 Segment     Used  Free
-----------  ----  ----
00000-00003     4  0  
00004-007FF  2005  39  
00800-00FFF  1406  642  
01000-017FF     0  2048  
01800-01FFF     0  2048  



